1	Das	_	der	_	_	_	_	-1	-1	_	_	_	_
2	Wort	_	wort	_	_	_	_	-1	-1	_	_	_	_
3	"Arger"	_	"arger"	_	_	_	_	-1	-1	_	_	_	_
4	wird	_	werden	_	_	_	_	-1	-1	_	_	_	_
5	mit	_	mit	_	_	_	_	-1	-1	_	_	_	_
6	einem	_	ein	_	_	_	_	-1	-1	_	_	_	_
7	groben	_	grob	_	_	_	_	-1	-1	_	_	_	_
8	A	_	--	_	_	_	_	-1	-1	_	_	_	_
9	geschrieben	_	schreiben	_	_	_	_	-1	-1	_	_	_	_
10	.	_	--	_	_	_	_	-1	-1	_	_	_	_

1	Das	_	der	_	_	_	_	-1	-1	_	_	_	_
2	Wort	_	wort	_	_	_	_	-1	-1	_	_	_	_
3	Bio	_	bio	_	_	_	_	-1	-1	_	_	_	_
4	ist	_	sein	_	_	_	_	-1	-1	_	_	_	_
5	ursprunglich	_	ursprunglich	_	_	_	_	-1	-1	_	_	_	_
6	griechisch	_	griechisch	_	_	_	_	-1	-1	_	_	_	_
7	und	_	und	_	_	_	_	-1	-1	_	_	_	_
8	bedeutet	_	bedeuten	_	_	_	_	-1	-1	_	_	_	_
9	Leben	_	leben	_	_	_	_	-1	-1	_	_	_	_
10	.	_	--	_	_	_	_	-1	-1	_	_	_	_

