This is pdfTeX, Version 3.1415926-2.4-1.40.13 (TeX Live 2012) (format=pdflatex 2012.8.27)  15 MAY 2014 18:47
entering extended mode
 restricted \write18 enabled.
 file:line:error style messages enabled.
 %&-line parsing enabled.
**semevaliu.tex
(./semevaliu.tex
LaTeX2e <2011/06/27>
Babel <v3.8m> and hyphenation patterns for english, dumylang, nohyphenation, ge
rman-x-2012-05-30, ngerman-x-2012-05-30, afrikaans, ancientgreek, ibycus, arabi
c, armenian, basque, bulgarian, catalan, pinyin, coptic, croatian, czech, danis
h, dutch, ukenglish, usenglishmax, esperanto, estonian, ethiopic, farsi, finnis
h, french, friulan, galician, german, ngerman, swissgerman, monogreek, greek, h
ungarian, icelandic, assamese, bengali, gujarati, hindi, kannada, malayalam, ma
rathi, oriya, panjabi, tamil, telugu, indonesian, interlingua, irish, italian, 
kurmanji, latin, latvian, lithuanian, mongolian, mongolianlmc, bokmal, nynorsk,
 polish, portuguese, romanian, romansh, russian, sanskrit, serbian, serbianc, s
lovak, slovenian, spanish, swedish, turkish, turkmen, ukrainian, uppersorbian, 
welsh, loaded.
(/usr/local/texlive/2012/texmf-dist/tex/latex/base/article.cls
Document Class: article 2007/10/19 v1.4h Standard LaTeX document class
(/usr/local/texlive/2012/texmf-dist/tex/latex/base/size11.clo
File: size11.clo 2007/10/19 v1.4h Standard LaTeX file (size option)
)
\c@part=\count79
\c@section=\count80
\c@subsection=\count81
\c@subsubsection=\count82
\c@paragraph=\count83
\c@subparagraph=\count84
\c@figure=\count85
\c@table=\count86
\abovecaptionskip=\skip41
\belowcaptionskip=\skip42
\bibindent=\dimen102
)
(./semeval2014.sty
Conference Style for two columns -- prepared 05th February 2014
\titlebox=\skip43
) (/usr/local/texlive/2012/texmf-dist/tex/latex/psnfss/times.sty
Package: times 2005/04/12 PSNFSS-v9.2a (SPQR) 
)
(/usr/local/texlive/2012/texmf-dist/tex/latex/url/url.sty
\Urlmuskip=\muskip10
Package: url 2006/04/12  ver 3.3  Verb mode for urls, etc.
)
(/usr/local/texlive/2012/texmf-dist/tex/latex/base/latexsym.sty
Package: latexsym 1998/08/17 v2.2e Standard LaTeX package (lasy symbols)
\symlasy=\mathgroup4
LaTeX Font Info:    Overwriting symbol font `lasy' in version `bold'
(Font)                  U/lasy/m/n --> U/lasy/b/n on input line 47.
)
(./semevaliu.aux)
\openout1 = `semevaliu.aux'.

LaTeX Font Info:    Checking defaults for OML/cmm/m/it on input line 46.
LaTeX Font Info:    ... okay on input line 46.
LaTeX Font Info:    Checking defaults for T1/cmr/m/n on input line 46.
LaTeX Font Info:    ... okay on input line 46.
LaTeX Font Info:    Checking defaults for OT1/cmr/m/n on input line 46.
LaTeX Font Info:    ... okay on input line 46.
LaTeX Font Info:    Checking defaults for OMS/cmsy/m/n on input line 46.
LaTeX Font Info:    ... okay on input line 46.
LaTeX Font Info:    Checking defaults for OMX/cmex/m/n on input line 46.
LaTeX Font Info:    ... okay on input line 46.
LaTeX Font Info:    Checking defaults for U/cmr/m/n on input line 46.
LaTeX Font Info:    ... okay on input line 46.
LaTeX Font Info:    Try loading font information for OT1+ptm on input line 46.

(/usr/local/texlive/2012/texmf-dist/tex/latex/psnfss/ot1ptm.fd
File: ot1ptm.fd 2001/06/04 font definitions for OT1/ptm.
)
LaTeX Font Info:    Font shape `OT1/ptm/bx/n' in size <14.4> not available
(Font)              Font shape `OT1/ptm/b/n' tried instead on input line 47.
LaTeX Font Info:    External font `cmex10' loaded for size
(Font)              <12> on input line 47.
LaTeX Font Info:    External font `cmex10' loaded for size
(Font)              <8> on input line 47.
LaTeX Font Info:    External font `cmex10' loaded for size
(Font)              <6> on input line 47.
LaTeX Font Info:    Try loading font information for U+lasy on input line 47.

(/usr/local/texlive/2012/texmf-dist/tex/latex/base/ulasy.fd
File: ulasy.fd 1998/08/17 v2.2e LaTeX symbol font definitions
)
LaTeX Font Info:    Font shape `OT1/ptm/bx/n' in size <12> not available
(Font)              Font shape `OT1/ptm/b/n' tried instead on input line 47.
LaTeX Font Info:    Try loading font information for OT1+pcr on input line 47.

(/usr/local/texlive/2012/texmf-dist/tex/latex/psnfss/ot1pcr.fd
File: ot1pcr.fd 2001/06/04 font definitions for OT1/pcr.
)
LaTeX Font Info:    Try loading font information for OMS+pcr on input line 47.

(/usr/local/texlive/2012/texmf-dist/tex/latex/psnfss/omspcr.fd
File: omspcr.fd 
)
LaTeX Font Info:    Font shape `OMS/pcr/m/n' in size <12> not available
(Font)              Font shape `OMS/cmsy/m/n' tried instead on input line 47.
LaTeX Font Info:    External font `cmex10' loaded for size
(Font)              <9> on input line 88.
LaTeX Font Info:    External font `cmex10' loaded for size
(Font)              <5> on input line 88.

Underfull \hbox (badness 2689) in paragraph at lines 100--101
\OT1/ptm/m/n/10.95 Eu-roparl, Be-bel-net 2) For can-di-date rank-ing
 []


Underfull \hbox (badness 10000) in paragraph at lines 100--101

 []

LaTeX Font Info:    Font shape `OT1/ptm/bx/n' in size <10.95> not available
(Font)              Font shape `OT1/ptm/b/n' tried instead on input line 104.

Underfull \hbox (badness 1418) in paragraph at lines 104--106
\OT1/ptm/m/n/10.95 phrase ta-bles be-cause the cor-pus con-tains 21
 []


Underfull \hbox (badness 7907) in paragraph at lines 104--106
\OT1/ptm/m/n/10.95 ta-bles for English-Spanish, English-German,
 []


Underfull \hbox (badness 10000) in paragraph at lines 104--106

 []


Underfull \hbox (badness 10000) in paragraph at lines 114--114
[]\OT1/ptm/m/n/10.95 LK: Alex
 []

[1{/usr/local/texlive/2012/texmf-var/fonts/map/pdftex/updmap/pdftex.map}



]
Underfull \hbox (badness 10000) in paragraph at lines 118--118
[]\OT1/ptm/m/n/10.95 (Goldberg
 []


Underfull \hbox (badness 2790) in paragraph at lines 118--118
\OT1/ptm/m/n/10.95 and Or-want,
 []


Underfull \hbox (badness 10000) in paragraph at lines 118--118
\OT1/ptm/m/n/10.95 2013) says
 []


Underfull \hbox (badness 10000) in paragraph at lines 118--118
\OT1/ptm/m/n/10.95 this con-
 []


Underfull \hbox (badness 10000) in paragraph at lines 118--118
\OT1/ptm/m/n/10.95 tains 919M
 []


Underfull \hbox (badness 10000) in paragraph at lines 118--118
\OT1/ptm/m/n/10.95 ``items'';
 []


Underfull \hbox (badness 10000) in paragraph at lines 118--118
\OT1/ptm/m/n/10.95 = de-pen-
 []


Underfull \hbox (badness 10000) in paragraph at lines 118--118
\OT1/ptm/m/n/10.95 Taken from
 []


Underfull \hbox (badness 10000) in paragraph at lines 118--118
\OT1/ptm/m/n/10.95 3,473,595
 []

Missing character: There is no â in font ptmr7t!
Missing character: There is no € in font ptmr7t!
Missing character: There is no ™ in font ptmr7t!
LaTeX Font Info:    External font `cmex10' loaded for size
(Font)              <10.95> on input line 160.

Underfull \hbox (badness 1852) in paragraph at lines 159--162
\OT1/ptm/m/n/10.95 model rank-ing, we could rank the can-di-date
 []


Underfull \hbox (badness 10000) in paragraph at lines 159--162
\OML/cmm/m/it/10.95 sim\OT1/cmr/m/n/10.95 (\OML/cmm/m/it/10.95 w[]; w[]\OT1/cmr
/m/n/10.95 ) =
 []


Underfull \hbox (badness 10000) in paragraph at lines 159--162

 []


Underfull \hbox (badness 5288) in paragraph at lines 163--169
[]\OT1/ptm/m/n/10.95 Where $\OML/cmm/m/it/10.95 count\OT1/cmr/m/n/10.95 (\OML/c
mm/m/it/10.95 head; dep; label\OT1/cmr/m/n/10.95 )$ \OT1/ptm/m/n/10.95 is the f
re-
 []


Underfull \hbox (badness 1565) in paragraph at lines 163--169
\OT1/ptm/m/n/10.95 The fit-ness of a phrase is the av-er-age word
 []


Underfull \hbox (badness 4144) in paragraph at lines 163--169
\OT1/ptm/m/n/10.95 Depending on where the head/dependent of
 []


Underfull \hbox (badness 2096) in paragraph at lines 163--169
\OT1/ptm/m/n/10.95 based word sim-i-lar-ity statis-tics for all tar-get
 []


Underfull \hbox (badness 10000) in paragraph at lines 163--169
\OT1/ptm/m/n/10.95 lan-guages us-ing cor-re-spond-ing de-pen-dency
 []


Underfull \hbox (badness 1953) in paragraph at lines 163--169
\OT1/ptm/m/n/10.95 value is queried and com-bined with N-gram
 []


Underfull \hbox (badness 10000) in paragraph at lines 163--169

 []


Underfull \hbox (badness 2409) in paragraph at lines 171--172
 \OT1/ptm/b/n/10.95 Stor-ing and Caching \OT1/ptm/m/n/10.95 The large vo-cab-u-
lary
 []


Underfull \hbox (badness 1960) in paragraph at lines 171--172
\OT1/ptm/m/n/10.95 and huge num-ber of com-bi-na-tions of ``head,
 []


Underfull \hbox (badness 1163) in paragraph at lines 171--172
\OT1/ptm/m/n/10.95 prob-lem when query-ing the dependency-based
 []


Underfull \hbox (badness 1490) in paragraph at lines 171--172
\OT1/ptm/m/n/10.95 word sim-i-lar-ity val-ues. Thus we stored the
 []


Underfull \hbox (badness 10000) in paragraph at lines 171--172
\OT1/ptm/m/n/10.95 pro-gram-ming in-ter-face (sqlite3), and built
 []


Underfull \hbox (badness 1769) in paragraph at lines 171--172
\OT1/ptm/m/n/10.95 How-ever, for fre-quently searched de-pen-dency
 []


Underfull \hbox (badness 10000) in paragraph at lines 171--172

 []

[2]
Underfull \hbox (badness 10000) in paragraph at lines 174--176
 \OT1/ptm/b/n/10.95 Back-Off \OT1/ptm/m/n/10.95 Lexical-based de-pen-dency suf-
fers
 []


Underfull \hbox (badness 10000) in paragraph at lines 174--176

 []

(./semevaliu.bbl
Underfull \hbox (badness 6063) in paragraph at lines 4--8
[]\OT1/ptm/m/n/10 Steven Bird, Ewan Klein, and Ed-ward Loper.
 []


Underfull \hbox (badness 2762) in paragraph at lines 56--64
\OT1/ptm/m/n/10 Brooke Cowan, Wade Shen, Chris-tine Moran,
 []

) [3] (./semevaliu.aux) ) 
Here is how much of TeX's memory you used:
 507 strings out of 493488
 6469 string characters out of 3141326
 59160 words of memory out of 3000000
 3841 multiletter control sequences out of 15000+200000
 23786 words of font info for 57 fonts, out of 3000000 for 9000
 957 hyphenation exceptions out of 8191
 23i,10n,19p,1000b,261s stack positions out of 5000i,500n,10000p,200000b,50000s
{/usr/local/texlive/2012/texmf-dist/fonts/enc/dvips/ba
se/8r.enc}</usr/local/texlive/2012/texmf-dist/fonts/type1/public/amsfonts/cm/cm
ex10.pfb></usr/local/texlive/2012/texmf-dist/fonts/type1/public/amsfonts/cm/cmm
i10.pfb></usr/local/texlive/2012/texmf-dist/fonts/type1/public/amsfonts/cm/cmmi
8.pfb></usr/local/texlive/2012/texmf-dist/fonts/type1/public/amsfonts/cm/cmr10.
pfb></usr/local/texlive/2012/texmf-dist/fonts/type1/public/amsfonts/cm/cmr8.pfb
></usr/local/texlive/2012/texmf-dist/fonts/type1/public/amsfonts/cm/cmsy10.pfb>
</usr/local/texlive/2012/texmf-dist/fonts/type1/public/amsfonts/cm/cmsy8.pfb></
usr/local/texlive/2012/texmf-dist/fonts/type1/urw/courier/ucrr8a.pfb></usr/loca
l/texlive/2012/texmf-dist/fonts/type1/urw/times/utmb8a.pfb></usr/local/texlive/
2012/texmf-dist/fonts/type1/urw/times/utmr8a.pfb></usr/local/texlive/2012/texmf
-dist/fonts/type1/urw/times/utmri8a.pfb>
Output written on semevaliu.pdf (3 pages, 132069 bytes).
PDF statistics:
 59 PDF objects out of 1000 (max. 8388607)
 42 compressed objects within 1 object stream
 0 named destinations out of 1000 (max. 500000)
 1 words of extra memory for PDF output out of 10000 (max. 10000000)

